0 info it worked if it ends with ok
1 verbose cli [ 'node', '/usr/local/bin/npm', 'install', 'grunt-init', '-g' ]
2 info using npm@1.4.28
3 info using node@v0.10.32
4 verbose cache add [ 'grunt-init', null ]
5 verbose cache add name=undefined spec="grunt-init" args=["grunt-init",null]
6 verbose parsed url { protocol: null,
6 verbose parsed url   slashes: null,
6 verbose parsed url   auth: null,
6 verbose parsed url   host: null,
6 verbose parsed url   port: null,
6 verbose parsed url   hostname: null,
6 verbose parsed url   hash: null,
6 verbose parsed url   search: null,
6 verbose parsed url   query: null,
6 verbose parsed url   pathname: 'grunt-init',
6 verbose parsed url   path: 'grunt-init',
6 verbose parsed url   href: 'grunt-init' }
7 silly lockFile b1006280-grunt-init grunt-init
8 verbose lock grunt-init /Users/twer/.npm/b1006280-grunt-init.lock
9 silly lockFile b1006280-grunt-init grunt-init
10 silly lockFile b1006280-grunt-init grunt-init
11 verbose addNamed [ 'grunt-init', '' ]
12 verbose addNamed [ null, '*' ]
13 silly lockFile 20a2bbcf-grunt-init grunt-init@
14 verbose lock grunt-init@ /Users/twer/.npm/20a2bbcf-grunt-init.lock
15 silly addNameRange { name: 'grunt-init', range: '*', hasData: false }
16 verbose request where is /grunt-init
17 verbose request registry https://registry.npmjs.org/
18 verbose request id 30c998c98a77eeaa
19 verbose url raw /grunt-init
20 verbose url resolving [ 'https://registry.npmjs.org/', './grunt-init' ]
21 verbose url resolved https://registry.npmjs.org/grunt-init
22 verbose request where is https://registry.npmjs.org/grunt-init
23 info trying registry request attempt 1 at 00:25:43
24 http GET https://registry.npmjs.org/grunt-init
25 http 200 https://registry.npmjs.org/grunt-init
26 silly registry.get cb [ 200,
26 silly registry.get   { date: 'Sun, 11 Jan 2015 16:25:42 GMT',
26 silly registry.get     server: 'CouchDB/1.5.0 (Erlang OTP/R16B03)',
26 silly registry.get     etag: '"4G7MPNBV30XJDO3ZBOMTU5KJ3"',
26 silly registry.get     'content-type': 'application/json',
26 silly registry.get     'cache-control': 'max-age=60',
26 silly registry.get     'content-length': '20782',
26 silly registry.get     'accept-ranges': 'bytes',
26 silly registry.get     via: '1.1 varnish',
26 silly registry.get     age: '0',
26 silly registry.get     'x-served-by': 'cache-hk92-HKG',
26 silly registry.get     'x-cache': 'MISS',
26 silly registry.get     'x-cache-hits': '0',
26 silly registry.get     'x-timer': 'S1420993541.144339,VS0,VE1185',
26 silly registry.get     vary: 'Accept',
26 silly registry.get     'keep-alive': 'timeout=10, max=50',
26 silly registry.get     connection: 'Keep-Alive' } ]
27 silly addNameRange number 2 { name: 'grunt-init', range: '*', hasData: true }
28 silly addNameRange versions [ 'grunt-init',
28 silly addNameRange   [ '0.1.0',
28 silly addNameRange     '0.2.0',
28 silly addNameRange     '0.2.1',
28 silly addNameRange     '0.3.0',
28 silly addNameRange     '0.2.0-rc1',
28 silly addNameRange     '0.2.0-rc2',
28 silly addNameRange     '0.2.0-rc3',
28 silly addNameRange     '0.2.0-rc4',
28 silly addNameRange     '0.2.0-rc5',
28 silly addNameRange     '0.2.0-rc6',
28 silly addNameRange     '0.2.0-rc7',
28 silly addNameRange     '0.2.0-rc8',
28 silly addNameRange     '0.3.1',
28 silly addNameRange     '0.3.2' ] ]
29 verbose addNamed [ 'grunt-init', '0.3.2' ]
30 verbose addNamed [ '0.3.2', '0.3.2' ]
31 silly lockFile f8b2076b-grunt-init-0-3-2 grunt-init@0.3.2
32 verbose lock grunt-init@0.3.2 /Users/twer/.npm/f8b2076b-grunt-init-0-3-2.lock
33 silly lockFile a8e1642f--grunt-init-grunt-init-0-3-2-tgz https://registry.npmjs.org/grunt-init/-/grunt-init-0.3.2.tgz
34 verbose lock https://registry.npmjs.org/grunt-init/-/grunt-init-0.3.2.tgz /Users/twer/.npm/a8e1642f--grunt-init-grunt-init-0-3-2-tgz.lock
35 verbose addRemoteTarball [ 'https://registry.npmjs.org/grunt-init/-/grunt-init-0.3.2.tgz',
35 verbose addRemoteTarball   '0062d318401cfc703db394aa9f8b9e7770809984' ]
36 info retry fetch attempt 1 at 00:25:46
37 verbose fetch to= /var/folders/gv/m43y5g9x1xdc9f2kc2p0kpz00000gn/T/npm-8111-Wq5PZjFD/registry.npmjs.org/grunt-init/-/grunt-init-0.3.2.tgz
38 http GET https://registry.npmjs.org/grunt-init/-/grunt-init-0.3.2.tgz
39 http 200 https://registry.npmjs.org/grunt-init/-/grunt-init-0.3.2.tgz
40 silly lockFile a8e1642f--grunt-init-grunt-init-0-3-2-tgz https://registry.npmjs.org/grunt-init/-/grunt-init-0.3.2.tgz
41 silly lockFile a8e1642f--grunt-init-grunt-init-0-3-2-tgz https://registry.npmjs.org/grunt-init/-/grunt-init-0.3.2.tgz
42 silly lockFile f8b2076b-grunt-init-0-3-2 grunt-init@0.3.2
43 silly lockFile f8b2076b-grunt-init-0-3-2 grunt-init@0.3.2
44 silly lockFile 20a2bbcf-grunt-init grunt-init@
45 silly lockFile 20a2bbcf-grunt-init grunt-init@
46 silly resolved [ { name: 'grunt-init',
46 silly resolved     description: 'Generate project scaffolding from a template.',
46 silly resolved     version: '0.3.2',
46 silly resolved     homepage: 'https://github.com/gruntjs/grunt-init',
46 silly resolved     author: { name: 'Grunt Team', url: 'http://gruntjs.com/' },
46 silly resolved     repository: { type: 'git', url: 'git://github.com/gruntjs/grunt-init.git' },
46 silly resolved     bugs: { url: 'https://github.com/gruntjs/grunt-init/issues' },
46 silly resolved     licenses: [ [Object] ],
46 silly resolved     preferGlobal: true,
46 silly resolved     bin: { 'grunt-init': 'bin/grunt-init' },
46 silly resolved     engines: { node: '>= 0.8.0' },
46 silly resolved     scripts: { test: 'grunt test' },
46 silly resolved     dependencies:
46 silly resolved      { prompt: '~0.1.12',
46 silly resolved        semver: '~1.0.14',
46 silly resolved        hooker: '~0.2.3',
46 silly resolved        colors: '~0.6.0-1',
46 silly resolved        grunt: '~0.4.0',
46 silly resolved        lodash: '~2.4.1',
46 silly resolved        async: '~0.2.10' },
46 silly resolved     devDependencies:
46 silly resolved      { 'grunt-contrib-jshint': '~0.8.0',
46 silly resolved        'grunt-contrib-nodeunit': '~0.3.0' },
46 silly resolved     keywords: [ 'grunt', 'template', 'scaffold', 'generate', 'project' ],
46 silly resolved     contributors: [ [Object] ],
46 silly resolved     _id: 'grunt-init@0.3.2',
46 silly resolved     dist:
46 silly resolved      { shasum: '0062d318401cfc703db394aa9f8b9e7770809984',
46 silly resolved        tarball: 'http://registry.npmjs.org/grunt-init/-/grunt-init-0.3.2.tgz' },
46 silly resolved     _from: 'grunt-init@',
46 silly resolved     _npmVersion: '1.4.3',
46 silly resolved     _npmUser: { name: 'vladikoff', email: 'vlad@vladikoff.com' },
46 silly resolved     maintainers: [ [Object], [Object], [Object], [Object] ],
46 silly resolved     directories: {},
46 silly resolved     _shasum: '0062d318401cfc703db394aa9f8b9e7770809984',
46 silly resolved     _resolved: 'https://registry.npmjs.org/grunt-init/-/grunt-init-0.3.2.tgz' } ]
47 info install grunt-init@0.3.2 into /usr/local/lib
48 info installOne grunt-init@0.3.2
49 verbose lib/node_modules/grunt-init unbuild
50 verbose tar unpack /Users/twer/.npm/grunt-init/0.3.2/package.tgz
51 silly lockFile 2d48effc-ocal-lib-node-modules-grunt-init tar:///usr/local/lib/node_modules/grunt-init
52 verbose lock tar:///usr/local/lib/node_modules/grunt-init /Users/twer/.npm/2d48effc-ocal-lib-node-modules-grunt-init.lock
53 silly lockFile 427f8a71-npm-grunt-init-0-3-2-package-tgz tar:///Users/twer/.npm/grunt-init/0.3.2/package.tgz
54 verbose lock tar:///Users/twer/.npm/grunt-init/0.3.2/package.tgz /Users/twer/.npm/427f8a71-npm-grunt-init-0-3-2-package-tgz.lock
55 silly gunzTarPerm modes [ '755', '644' ]
56 error Error: EACCES, mkdir '/usr/local/lib/node_modules/grunt-init'
56 error  { [Error: EACCES, mkdir '/usr/local/lib/node_modules/grunt-init']
56 error   errno: 3,
56 error   code: 'EACCES',
56 error   path: '/usr/local/lib/node_modules/grunt-init',
56 error   fstream_type: 'Directory',
56 error   fstream_path: '/usr/local/lib/node_modules/grunt-init',
56 error   fstream_class: 'DirWriter',
56 error   fstream_stack:
56 error    [ '/usr/local/lib/node_modules/npm/node_modules/fstream/lib/dir-writer.js:36:23',
56 error      '/usr/local/lib/node_modules/npm/node_modules/mkdirp/index.js:46:53',
56 error      'Object.oncomplete (fs.js:107:15)' ] }
57 error Please try running this command again as root/Administrator.
58 error System Darwin 14.0.0
59 error command "node" "/usr/local/bin/npm" "install" "grunt-init" "-g"
60 error cwd /Users/twer/workspace/front-end/grunt_bower
61 error node -v v0.10.32
62 error npm -v 1.4.28
63 error path /usr/local/lib/node_modules/grunt-init
64 error fstream_path /usr/local/lib/node_modules/grunt-init
65 error fstream_type Directory
66 error fstream_class DirWriter
67 error code EACCES
68 error errno 3
69 error stack Error: EACCES, mkdir '/usr/local/lib/node_modules/grunt-init'
70 error fstream_stack /usr/local/lib/node_modules/npm/node_modules/fstream/lib/dir-writer.js:36:23
70 error fstream_stack /usr/local/lib/node_modules/npm/node_modules/mkdirp/index.js:46:53
70 error fstream_stack Object.oncomplete (fs.js:107:15)
71 verbose exit [ 3, true ]
